<?xml version="1.0" encoding="UTF-8"?>
<testng-results skipped="0" failed="0" total="0" passed="0">
  <reporter-output>
  </reporter-output>
  <suite name="com.w2a.RunCukeTest" duration-ms="5" started-at="2020-01-26T11:42:59Z" finished-at="2020-01-26T11:42:59Z">
    <groups>
    </groups>
    <test name="Command line test" duration-ms="5" started-at="2020-01-26T11:42:59Z" finished-at="2020-01-26T11:42:59Z">
    </test> <!-- Command line test -->
  </suite> <!-- com.w2a.RunCukeTest -->
</testng-results>
